<?xml version="1.0" encoding="UTF-8"?>
<!-- Generated by org.testng.reporters.JUnitReportReporter -->
<testsuite hostname="DESKTOP-KOJOBGV" failures="0" tests="1" name="com.mohs10.scripts.HomeTest" time="13.490" errors="0" timestamp="2023-04-05T12:03:34 IST" skipped="0">
  <testcase classname="com.mohs10.scripts.HomeTest" name="CategoriesTest" time="13.490"/>
  <system-out/>
</testsuite> <!-- com.mohs10.scripts.HomeTest -->
